<?xml version="1.0" encoding="UTF-8"?>
<!-- Generated by org.testng.reporters.JUnitXMLReporter -->
<testsuite ignored="0" hostname="DESKTOP-QUD63Q9" failures="0" tests="3" name="Test" time="30.059" errors="0" timestamp="2022-12-09T10:28:33 IST">
  <testcase classname="com.Tourism.Login.CreateLoginTest" name="createLoginTest" time="4.822"/>
  <testcase classname="com.Tourism.Login.CreateChangePasswordTest" name="createChangePasswordTest" time="4.402"/>
  <testcase classname="com.Tourism.Package.CreateTourPackageTest" name="createTourPackageTest" time="8.325"/>
</testsuite> <!-- Test -->
