<?xml version="1.0" encoding="UTF-8"?>
<!-- Generated by org.testng.reporters.JUnitXMLReporter -->
<testsuite ignored="0" hostname="DESKTOP-QUD63Q9" failures="0" tests="4" name="test3" time="0.062" errors="0" timestamp="2022-12-14T22:39:41 IST">
  <testcase classname="GroupExecution" name="test" time="0.006"/>
  <testcase classname="GroupExecution" name="test1" time="0.032"/>
  <testcase classname="GroupExecution" name="test2" time="0.001"/>
  <testcase classname="GroupExecution" name="test3" time="0.001"/>
</testsuite> <!-- test3 -->
