<?xml version="1.0" encoding="UTF-8"?>
<!-- Generated by org.testng.reporters.JUnitXMLReporter -->
<testsuite ignored="0" hostname="DESKTOP-QUD63Q9" failures="0" tests="1" name="test2" time="0.13" errors="0" timestamp="2022-12-14T22:39:41 IST">
  <testcase classname="com.Tourism.OnlineTourism.GenericUtility.BaseClass" name="@BeforeClass openBrowser" time="0.013">
    <failure type="java.lang.NullPointerException" message="Cannot invoke &amp;quot;String.trim()&amp;quot; because the return value of &amp;quot;java.util.Properties.getProperty(String)&amp;quot; is null">
      <![CDATA[java.lang.NullPointerException: Cannot invoke "String.trim()" because the return value of "java.util.Properties.getProperty(String)" is null
at com.Tourism.OnlineTourism.GenericUtility.FileLib.readDetaFromPropertyFile(FileLib.java:73)
at com.Tourism.OnlineTourism.GenericUtility.BaseClass.openBrowser(BaseClass.java:33)
at java.base/java.util.ArrayList.forEach(ArrayList.java:1511)
at java.base/java.util.concurrent.FutureTask.run(FutureTask.java:264)
at java.base/java.util.concurrent.ThreadPoolExecutor.runWorker(ThreadPoolExecutor.java:1130)
at java.base/java.util.concurrent.ThreadPoolExecutor$Worker.run(ThreadPoolExecutor.java:630)
at java.base/java.lang.Thread.run(Thread.java:831)
... Removed 16 stack frames]]>
    </failure>
  </testcase> <!-- @BeforeClass openBrowser -->
  <testcase classname="com.Tourism.OnlineTourism.GenericUtility.BaseClass" name="@BeforeMethod login" time="-1.671037780884E9">
    <skipped/>
  </testcase> <!-- @BeforeMethod login -->
  <testcase classname="com.Tourism.OnlineTourism.GenericUtility.BaseClass" name="@AfterMethod logout" time="-1.671037780902E9">
    <skipped/>
  </testcase> <!-- @AfterMethod logout -->
  <testcase classname="com.Tourism.OnlineTourism.GenericUtility.BaseClass" name="@AfterClass closeBrowser" time="-1.671037780922E9">
    <skipped/>
  </testcase> <!-- @AfterClass closeBrowser -->
  <testcase classname="com.Tourism.Package.CreateTourPackageTest" name="createTourPackageTest" time="0.0">
    <skipped/>
  </testcase> <!-- createTourPackageTest -->
</testsuite> <!-- test2 -->
